<?xml version="1.0" encoding="UTF-8"?>
<!-- Generated by org.testng.reporters.JUnitReportReporter -->
<testsuite hostname="Rubaiyats-MacBook-Air.local" failures="0" tests="20" name="Test.ComputerVillage" time="72.859" errors="0" timestamp="2023-10-10T08:00:22 BDT" skipped="0">
  <testcase classname="Test.ComputerVillage" name="invalidCredential" time="1.365"/>
  <system-out/>
  <testcase classname="Test.ComputerVillage" name="signup" time="3.566"/>
  <system-out/>
  <testcase classname="Test.ComputerVillage" name="resetPassword" time="1.334"/>
  <system-out/>
  <testcase classname="Test.ComputerVillage" name="login" time="10.095"/>
  <system-out/>
  <testcase classname="Test.ComputerVillage" name="search" time="1.418"/>
  <system-out/>
  <testcase classname="Test.ComputerVillage" name="results" time="0.027"/>
  <system-out/>
  <testcase classname="Test.ComputerVillage" name="filters" time="7.735"/>
  <system-out/>
  <testcase classname="Test.ComputerVillage" name="productDetails" time="0.573"/>
  <system-out/>
  <testcase classname="Test.ComputerVillage" name="productReviews" time="0.521"/>
  <system-out/>
  <testcase classname="Test.ComputerVillage" name="addToCart" time="1.389"/>
  <system-out/>
  <testcase classname="Test.ComputerVillage" name="viewCart" time="0.367"/>
  <system-out/>
  <testcase classname="Test.ComputerVillage" name="updateQuantity" time="0.091"/>
  <system-out/>
  <testcase classname="Test.ComputerVillage" name="removeItems" time="11.229"/>
  <system-out/>
  <testcase classname="Test.ComputerVillage" name="checkOut" time="1.576"/>
  <system-out/>
  <testcase classname="Test.ComputerVillage" name="editProfile" time="1.081"/>
  <system-out/>
  <testcase classname="Test.ComputerVillage" name="changePassword" time="1.154"/>
  <system-out/>
  <testcase classname="Test.ComputerVillage" name="addAddress" time="1.612"/>
  <system-out/>
  <testcase classname="Test.ComputerVillage" name="orderHistory" time="1.025"/>
  <system-out/>
  <testcase classname="Test.ComputerVillage" name="transactionHistory" time="0.726"/>
  <system-out/>
  <testcase classname="Test.ComputerVillage" name="buildingPC" time="25.975"/>
  <system-out/>
</testsuite> <!-- Test.ComputerVillage -->
